<?xml version="1.0" encoding="UTF-8"?>
<testsuite xmlns:xsi="http://www.w3.org/2001/XMLSchema-instance" xsi:noNamespaceSchemaLocation="https://maven.apache.org/surefire/maven-surefire-plugin/xsd/surefire-test-report.xsd" name="hn.uth.junit_test_app.AppTest" time="0.083" tests="17" errors="0" skipped="0" failures="0">
  <properties>
[...]
</properties>
  <testcase name="restaNegativosEnteros" classname="hn.uth.junit_test_app.AppTest" time="0.021"/>
  <testcase name="sumaCeroYPositivo" classname="hn.uth.junit_test_app.AppTest" time="0"/>
  <testcase name="sumaDecimalesPequenios" classname="hn.uth.junit_test_app.AppTest" time="0"/>
  <testcase name="restaCeroYPositivo1" classname="hn.uth.junit_test_app.AppTest" time="0"/>
  <testcase name="restaCeroYPositivo2" classname="hn.uth.junit_test_app.AppTest" time="0"/>
  <testcase name="restaCeroYPositivo3" classname="hn.uth.junit_test_app.AppTest" time="0"/>
  <testcase name="restaCeroYPositivo4" classname="hn.uth.junit_test_app.AppTest" time="0"/>
  <testcase name="restaCeroYPositivo5" classname="hn.uth.junit_test_app.AppTest" time="0"/>
  <testcase name="restaCeroYPositivo6" classname="hn.uth.junit_test_app.AppTest" time="0"/>
  <testcase name="restaCeroYPositivo7" classname="hn.uth.junit_test_app.AppTest" time="0"/>
  <testcase name="sumaEnterosPositivos" classname="hn.uth.junit_test_app.AppTest" time="0"/>
  <testcase name="restaPositivosDecimales" classname="hn.uth.junit_test_app.AppTest" time="0"/>
  <testcase name="restaPositivosEnteros" classname="hn.uth.junit_test_app.AppTest" time="0"/>
  <testcase name="sumaDecimalesPositivos" classname="hn.uth.junit_test_app.AppTest" time="0"/>
  <testcase name="sumaEnterosNegativos" classname="hn.uth.junit_test_app.AppTest" time="0"/>
  <testcase name="sumaDecimalesNegativos" classname="hn.uth.junit_test_app.AppTest" time="0"/>
  <testcase name="restaCeroYPositivo" classname="hn.uth.junit_test_app.AppTest" time="0"/>
</testsuite>